<?xml version="1.0" encoding="UTF-8"?>
<testsuite xmlns:xsi="http://www.w3.org/2001/XMLSchema-instance" xsi:noNamespaceSchemaLocation="https://maven.apache.org/surefire/maven-surefire-plugin/xsd/surefire-test-report-3.0.xsd" version="3.0" name="de.exxcellent.challenge.AppTest" time="0.039" tests="2" errors="0" skipped="0" failures="0">
  <properties>
    <property name="java.specification.version" value="16"/>
    <property name="sun.cpu.isalist" value="amd64"/>
    <property name="sun.jnu.encoding" value="Cp1252"/>
    <property name="java.class.path" value="C:\Users\Eetu\Desktop\exxcellent-prog-challenge\target\test-classes;C:\Users\Eetu\Desktop\exxcellent-prog-challenge\target\classes;C:\Users\Eetu\.m2\repository\org\junit\jupiter\junit-jupiter-engine\5.8.0-M1\junit-jupiter-engine-5.8.0-M1.jar;C:\Users\Eetu\.m2\repository\org\apiguardian\apiguardian-api\1.1.1\apiguardian-api-1.1.1.jar;C:\Users\Eetu\.m2\repository\org\junit\platform\junit-platform-engine\1.8.0-M1\junit-platform-engine-1.8.0-M1.jar;C:\Users\Eetu\.m2\repository\org\opentest4j\opentest4j\1.2.0\opentest4j-1.2.0.jar;C:\Users\Eetu\.m2\repository\org\junit\platform\junit-platform-commons\1.8.0-M1\junit-platform-commons-1.8.0-M1.jar;C:\Users\Eetu\.m2\repository\org\junit\jupiter\junit-jupiter-api\5.8.0-M1\junit-jupiter-api-5.8.0-M1.jar;C:\Users\Eetu\.m2\repository\org\jetbrains\kotlin\kotlin-stdlib-jdk8\1.4.20\kotlin-stdlib-jdk8-1.4.20.jar;C:\Users\Eetu\.m2\repository\org\jetbrains\kotlin\kotlin-stdlib\1.4.20\kotlin-stdlib-1.4.20.jar;C:\Users\Eetu\.m2\repository\org\jetbrains\kotlin\kotlin-stdlib-common\1.4.20\kotlin-stdlib-common-1.4.20.jar;C:\Users\Eetu\.m2\repository\org\jetbrains\annotations\13.0\annotations-13.0.jar;C:\Users\Eetu\.m2\repository\org\jetbrains\kotlin\kotlin-stdlib-jdk7\1.4.20\kotlin-stdlib-jdk7-1.4.20.jar;"/>
    <property name="java.vm.vendor" value="Oracle Corporation"/>
    <property name="sun.arch.data.model" value="64"/>
    <property name="user.variant" value=""/>
    <property name="java.vendor.url" value="https://java.oracle.com/"/>
    <property name="user.timezone" value="Europe/Berlin"/>
    <property name="os.name" value="Windows 10"/>
    <property name="java.vm.specification.version" value="16"/>
    <property name="sun.java.launcher" value="SUN_STANDARD"/>
    <property name="user.country" value="GB"/>
    <property name="sun.boot.library.path" value="C:\Program Files\Java\jdk-16.0.1\bin"/>
    <property name="sun.java.command" value="C:\Users\Eetu\AppData\Local\Temp\surefire4444544219353149693\surefirebooter2708841838751265586.jar C:\Users\Eetu\AppData\Local\Temp\surefire4444544219353149693 2022-02-02T10-10-18_404-jvmRun1 surefire169808715206751828tmp surefire_02727816920459336859tmp"/>
    <property name="jdk.debug" value="release"/>
    <property name="surefire.test.class.path" value="C:\Users\Eetu\Desktop\exxcellent-prog-challenge\target\test-classes;C:\Users\Eetu\Desktop\exxcellent-prog-challenge\target\classes;C:\Users\Eetu\.m2\repository\org\junit\jupiter\junit-jupiter-engine\5.8.0-M1\junit-jupiter-engine-5.8.0-M1.jar;C:\Users\Eetu\.m2\repository\org\apiguardian\apiguardian-api\1.1.1\apiguardian-api-1.1.1.jar;C:\Users\Eetu\.m2\repository\org\junit\platform\junit-platform-engine\1.8.0-M1\junit-platform-engine-1.8.0-M1.jar;C:\Users\Eetu\.m2\repository\org\opentest4j\opentest4j\1.2.0\opentest4j-1.2.0.jar;C:\Users\Eetu\.m2\repository\org\junit\platform\junit-platform-commons\1.8.0-M1\junit-platform-commons-1.8.0-M1.jar;C:\Users\Eetu\.m2\repository\org\junit\jupiter\junit-jupiter-api\5.8.0-M1\junit-jupiter-api-5.8.0-M1.jar;C:\Users\Eetu\.m2\repository\org\jetbrains\kotlin\kotlin-stdlib-jdk8\1.4.20\kotlin-stdlib-jdk8-1.4.20.jar;C:\Users\Eetu\.m2\repository\org\jetbrains\kotlin\kotlin-stdlib\1.4.20\kotlin-stdlib-1.4.20.jar;C:\Users\Eetu\.m2\repository\org\jetbrains\kotlin\kotlin-stdlib-common\1.4.20\kotlin-stdlib-common-1.4.20.jar;C:\Users\Eetu\.m2\repository\org\jetbrains\annotations\13.0\annotations-13.0.jar;C:\Users\Eetu\.m2\repository\org\jetbrains\kotlin\kotlin-stdlib-jdk7\1.4.20\kotlin-stdlib-jdk7-1.4.20.jar;"/>
    <property name="sun.cpu.endian" value="little"/>
    <property name="user.home" value="C:\Users\Eetu"/>
    <property name="user.language" value="en"/>
    <property name="java.specification.vendor" value="Oracle Corporation"/>
    <property name="java.version.date" value="2021-04-20"/>
    <property name="java.home" value="C:\Program Files\Java\jdk-16.0.1"/>
    <property name="file.separator" value="\"/>
    <property name="basedir" value="C:\Users\Eetu\Desktop\exxcellent-prog-challenge"/>
    <property name="java.vm.compressedOopsMode" value="Zero based"/>
    <property name="line.separator" value="&#10;"/>
    <property name="java.vm.specification.vendor" value="Oracle Corporation"/>
    <property name="java.specification.name" value="Java Platform API Specification"/>
    <property name="surefire.real.class.path" value="C:\Users\Eetu\AppData\Local\Temp\surefire4444544219353149693\surefirebooter2708841838751265586.jar"/>
    <property name="user.script" value=""/>
    <property name="sun.management.compiler" value="HotSpot 64-Bit Tiered Compilers"/>
    <property name="java.runtime.version" value="16.0.1+9-24"/>
    <property name="user.name" value="Eetu"/>
    <property name="path.separator" value=";"/>
    <property name="os.version" value="10.0"/>
    <property name="java.runtime.name" value="Java(TM) SE Runtime Environment"/>
    <property name="file.encoding" value="Cp1252"/>
    <property name="java.vm.name" value="Java HotSpot(TM) 64-Bit Server VM"/>
    <property name="localRepository" value="C:\Users\Eetu\.m2\repository"/>
    <property name="java.vendor.url.bug" value="https://bugreport.java.com/bugreport/"/>
    <property name="java.io.tmpdir" value="C:\Users\Eetu\AppData\Local\Temp\"/>
    <property name="java.version" value="16.0.1"/>
    <property name="user.dir" value="C:\Users\Eetu\Desktop\exxcellent-prog-challenge"/>
    <property name="os.arch" value="amd64"/>
    <property name="java.vm.specification.name" value="Java Virtual Machine Specification"/>
    <property name="sun.os.patch.level" value=""/>
    <property name="java.library.path" value="C:\Program Files\Java\jdk-16.0.1\bin;C:\WINDOWS\Sun\Java\bin;C:\WINDOWS\system32;C:\WINDOWS;C:\Program Files (x86)\VMware\VMware Player\bin\;C:\WINDOWS\system32;C:\WINDOWS;C:\WINDOWS\System32\Wbem;C:\WINDOWS\System32\WindowsPowerShell\v1.0\;C:\WINDOWS\System32\OpenSSH\;C:\Program Files\PuTTy\;C:\Program Files\Crucial\Crucial Storage Executive;C:\Program Files\dotnet\;C:\Program Files\Git\cmd;C:\Program Files\Microsoft SQL Server\Client SDK\ODBC\170\Tools\Binn\;C:\Program Files\nodejs\;C:\MinGW\bin;C:\Program Files\Java\jdk-16.0.1\bin;C:\Program Files\Docker\Docker\resources\bin;C:\ProgramData\DockerDesktop\version-bin;C:\mingw\bin;C:\Program Files\CMake\bin;C:\Program Files\apache-maven-3.8.4-bin\apache-maven-3.8.4\bin;C:\Users\Eetu\AppData\Local\Microsoft\WindowsApps;C:\Users\Eetu\.dotnet\tools;C:\Users\Eetu\AppData\Local\Programs\Microsoft VS Code\bin;C:\Users\Eetu\AppData\Roaming\npm;;."/>
    <property name="java.vm.info" value="mixed mode, sharing"/>
    <property name="java.vendor" value="Oracle Corporation"/>
    <property name="java.vm.version" value="16.0.1+9-24"/>
    <property name="sun.io.unicode.encoding" value="UnicodeLittle"/>
    <property name="java.class.version" value="60.0"/>
  </properties>
  <testcase name="runFootball" classname="de.exxcellent.challenge.AppTest" time="0.022">
    <system-out><![CDATA[Day with smallest temperature spread : 14
Team with smallest goal spread       : Aston_Villa
]]></system-out>
  </testcase>
  <testcase name="aPointlessTest" classname="de.exxcellent.challenge.AppTest" time="0.003"/>
</testsuite>